Removed Pin From Net: NetName=CNV9 Pin=7020-J1_11
Removed Pin From Net: NetName=SDO9 Pin=7020-J1_13
Removed Pin From Net: NetName=SCK9 Pin=7020-J1_15
Removed Pin From Net: NetName=W_CNV Pin=7020-J1_21
Removed Pin From Net: NetName=W_SDO1 Pin=7020-J1_23
Removed Pin From Net: NetName=W_SDO2 Pin=7020-J1_25
Removed Pin From Net: NetName=W_SDO3 Pin=7020-J1_27
Removed Pin From Net: NetName=W_SDO4 Pin=7020-J1_29
Removed Pin From Net: NetName=W_CLKOUT Pin=7020-J1_31
Removed Pin From Net: NetName=W_SCK Pin=7020-J1_35
Removed Pin From Net: NetName=QSPI_IO3 Pin=7020-J1_75
Removed Pin From Net: NetName=QSPI_IO2 Pin=7020-J1_81
Removed Pin From Net: NetName=+3V3 Pin=R149-2
Removed Pin From Net: NetName=X_CLKOUTEN Pin=U15-34
Removed Pin From Net: NetName=Y_CLKOUTEN Pin=U16-34
Removed Pin From Net: NetName=Z_CLKOUTEN Pin=U17-34
Added Pin To Net: NetName=X_CNV Pin=7020-J1_11
Added Pin To Net: NetName=X_SDO1 Pin=7020-J1_13
Added Pin To Net: NetName=X_SDO2 Pin=7020-J1_15
Added Pin To Net: NetName=X_SDO3 Pin=7020-J1_21
Added Pin To Net: NetName=X_SDO4 Pin=7020-J1_23
Added Pin To Net: NetName=X_CLKOUT Pin=7020-J1_25
Added Pin To Net: NetName=X_SCK Pin=7020-J1_27
Added Pin To Net: NetName=CNV9 Pin=7020-J1_29
Added Pin To Net: NetName=SDO9 Pin=7020-J1_31
Added Pin To Net: NetName=SCK9 Pin=7020-J1_33
Added Pin To Net: NetName=GND Pin=R149-2
Added Pin To Net: NetName=+2.5V Pin=U15-34
Added Pin To Net: NetName=+2.5V Pin=U16-34
Added Pin To Net: NetName=+2.5V Pin=U17-34
Added Pin To Net: NetName=+2.5V Pin=U18-34
Added Net: Name=+2.5V
